This is pdfTeX, Version 3.14159265-2.6-1.40.18 (MiKTeX 2.9.6300 64-bit) (preloaded format=pdflatex 2017.5.19)  19 MAY 2017 15:56
entering extended mode
**./main.tex
(main.tex
LaTeX2e <2017-04-15>
Babel <3.9r> and hyphenation patterns for 75 language(s) loaded.

("C:\Users\CAMUGLIAL_INFO\AppData\Local\Programs\MiKTeX 2.9\tex\latex\base\arti
cle.cls"
Document Class: article 2014/09/29 v1.4h Standard LaTeX document class

("C:\Users\CAMUGLIAL_INFO\AppData\Local\Programs\MiKTeX 2.9\tex\latex\base\size
10.clo"
File: size10.clo 2014/09/29 v1.4h Standard LaTeX file (size option)
)
\c@part=\count79
\c@section=\count80
\c@subsection=\count81
\c@subsubsection=\count82
\c@paragraph=\count83
\c@subparagraph=\count84
\c@figure=\count85
\c@table=\count86
\abovecaptionskip=\skip41
\belowcaptionskip=\skip42
\bibindent=\dimen102
)
("C:\Users\CAMUGLIAL_INFO\AppData\Local\Programs\MiKTeX 2.9\tex\latex\base\inpu
tenc.sty"
Package: inputenc 2015/03/17 v1.2c Input encoding file
\inpenc@prehook=\toks14
\inpenc@posthook=\toks15

("C:\Users\CAMUGLIAL_INFO\AppData\Local\Programs\MiKTeX 2.9\tex\latex\ucs\utf8x
.def"
File: utf8x.def 2004/10/17 UCS: Input encoding UTF-8
))
("C:\Users\CAMUGLIAL_INFO\AppData\Local\Programs\MiKTeX 2.9\tex\latex\ucs\ucs.s
ty"
Package: ucs 2013/05/11 v2.2 UCS: Unicode input support

("C:\Users\CAMUGLIAL_INFO\AppData\Local\Programs\MiKTeX 2.9\tex\latex\ucs\uni-g
lobal.def"
File: uni-global.def 2013/05/13 UCS: Unicode global data
)
\uc@secondtry=\count87
\uc@combtoks=\toks16
\uc@combtoksb=\toks17
\uc@temptokena=\toks18
)
("C:\Users\CAMUGLIAL_INFO\AppData\Local\Programs\MiKTeX 2.9\tex\latex\natbib\na
tbib.sty"
Package: natbib 2010/09/13 8.31b (PWD, AO)
\bibhang=\skip43
\bibsep=\skip44
LaTeX Info: Redefining \cite on input line 694.
\c@NAT@ctr=\count88
)
("C:\Users\CAMUGLIAL_INFO\AppData\Local\Programs\MiKTeX 2.9\tex\generic\babel\b
abel.sty"
Package: babel 2016/04/23 3.9r The Babel package

*************************************
* Local config file bblopts.cfg used
*

("C:\Users\CAMUGLIAL_INFO\AppData\Local\Programs\MiKTeX 2.9\tex\latex\arabi\bbl
opts.cfg"
File: bblopts.cfg 2005/09/08 v0.1 add Arabic and Farsi to "declared" options of
 babel
)
("C:\Users\CAMUGLIAL_INFO\AppData\Local\Programs\MiKTeX 2.9\tex\generic\babel-f
rench\frenchb.ldf"
Language: frenchb 2017/01/30 v3.2g French support from the babel system

("C:\Users\CAMUGLIAL_INFO\AppData\Local\Programs\MiKTeX 2.9\tex\generic\babel\b
abel.def"
File: babel.def 2016/04/23 3.9r Babel common definitions
\babel@savecnt=\count89
\U@D=\dimen103
)
\l@acadian = a dialect from \language\l@french 
\l@canadien = a dialect from \language\l@french 
\FB@nonchar=\count90
\FBcolonskip=\skip45
\FBthinskip=\skip46
Package babel Info: Making : an active character on input line 365.
Package babel Info: Making ; an active character on input line 366.
Package babel Info: Making ! an active character on input line 367.
Package babel Info: Making ? an active character on input line 368.
\FBguillskip=\skip47
\FBguill@level=\count91
\FB@everypar=\toks19
\FB@Mht=\dimen104
\mc@charclass=\count92
\mc@charfam=\count93
\mc@charslot=\count94
\std@mcc=\count95
\dec@mcc=\count96
\listindentFB=\skip48
\descindentFB=\skip49
\labelwidthFB=\skip50
\leftmarginFB=\skip51
\parindentFFN=\dimen105
\FBfnindent=\skip52
))
("C:\Users\CAMUGLIAL_INFO\AppData\Local\Programs\MiKTeX 2.9\tex\latex\carlisle\
scalefnt.sty")
("C:\Users\CAMUGLIAL_INFO\AppData\Local\Programs\MiKTeX 2.9\tex\latex\graphics\
keyval.sty"
Package: keyval 2014/10/28 v1.15 key=value parser (DPC)
\KV@toks@=\toks20
)
("C:\Users\CAMUGLIAL_INFO\AppData\Local\Programs\MiKTeX 2.9\tex\latex\graphics\
graphicx.sty"
Package: graphicx 2014/10/28 v1.0g Enhanced LaTeX Graphics (DPC,SPQR)

("C:\Users\CAMUGLIAL_INFO\AppData\Local\Programs\MiKTeX 2.9\tex\latex\graphics\
graphics.sty"
Package: graphics 2017/04/14 v1.1b Standard LaTeX Graphics (DPC,SPQR)

("C:\Users\CAMUGLIAL_INFO\AppData\Local\Programs\MiKTeX 2.9\tex\latex\graphics\
trig.sty"
Package: trig 2016/01/03 v1.10 sin cos tan (DPC)
)
("C:\Users\CAMUGLIAL_INFO\AppData\Local\Programs\MiKTeX 2.9\tex\latex\graphics-
cfg\graphics.cfg"
File: graphics.cfg 2016/06/04 v1.11 sample graphics configuration
)
Package graphics Info: Driver file: pdftex.def on input line 99.

("C:\Users\CAMUGLIAL_INFO\AppData\Local\Programs\MiKTeX 2.9\tex\latex\graphics-
def\pdftex.def"
File: pdftex.def 2017/01/12 v0.06k Graphics/color for pdfTeX

("C:\Users\CAMUGLIAL_INFO\AppData\Local\Programs\MiKTeX 2.9\tex\generic\oberdie
k\infwarerr.sty"
Package: infwarerr 2016/05/16 v1.4 Providing info/warning/error messages (HO)
)
("C:\Users\CAMUGLIAL_INFO\AppData\Local\Programs\MiKTeX 2.9\tex\generic\oberdie
k\ltxcmds.sty"
Package: ltxcmds 2016/05/16 v1.23 LaTeX kernel commands for general use (HO)
)
\Gread@gobject=\count97
))
\Gin@req@height=\dimen106
\Gin@req@width=\dimen107
)
("C:\Users\CAMUGLIAL_INFO\AppData\Local\Programs\MiKTeX 2.9\tex\latex\base\font
enc.sty"
Package: fontenc 2017/04/05 v2.0i Standard LaTeX package

("C:\Users\CAMUGLIAL_INFO\AppData\Local\Programs\MiKTeX 2.9\tex\latex\base\t1en
c.def"
File: t1enc.def 2017/04/05 v2.0i Standard LaTeX file
LaTeX Font Info:    Redeclaring font encoding T1 on input line 48.
))
("C:\Users\CAMUGLIAL_INFO\AppData\Local\Programs\MiKTeX 2.9\tex\latex\geometry\
geometry.sty"
Package: geometry 2010/09/12 v5.6 Page Geometry

("C:\Users\CAMUGLIAL_INFO\AppData\Local\Programs\MiKTeX 2.9\tex\generic\oberdie
k\ifpdf.sty"
Package: ifpdf 2017/03/15 v3.2 Provides the ifpdf switch
)
("C:\Users\CAMUGLIAL_INFO\AppData\Local\Programs\MiKTeX 2.9\tex\generic\oberdie
k\ifvtex.sty"
Package: ifvtex 2016/05/16 v1.6 Detect VTeX and its facilities (HO)
Package ifvtex Info: VTeX not detected.
)
("C:\Users\CAMUGLIAL_INFO\AppData\Local\Programs\MiKTeX 2.9\tex\generic\ifxetex
\ifxetex.sty"
Package: ifxetex 2010/09/12 v0.6 Provides ifxetex conditional
)
\Gm@cnth=\count98
\Gm@cntv=\count99
\c@Gm@tempcnt=\count100
\Gm@bindingoffset=\dimen108
\Gm@wd@mp=\dimen109
\Gm@odd@mp=\dimen110
\Gm@even@mp=\dimen111
\Gm@layoutwidth=\dimen112
\Gm@layoutheight=\dimen113
\Gm@layouthoffset=\dimen114
\Gm@layoutvoffset=\dimen115
\Gm@dimlist=\toks21

("C:\Users\CAMUGLIAL_INFO\AppData\Local\Programs\MiKTeX 2.9\tex\latex\geometry\
geometry.cfg"))
("C:\Users\CAMUGLIAL_INFO\AppData\Local\Programs\MiKTeX 2.9\tex\latex\pgf\front
endlayer\tikz.sty"
("C:\Users\CAMUGLIAL_INFO\AppData\Local\Programs\MiKTeX 2.9\tex\latex\pgf\basic
layer\pgf.sty"
("C:\Users\CAMUGLIAL_INFO\AppData\Local\Programs\MiKTeX 2.9\tex\latex\pgf\utili
ties\pgfrcs.sty"
("C:\Users\CAMUGLIAL_INFO\AppData\Local\Programs\MiKTeX 2.9\tex\generic\pgf\uti
lities\pgfutil-common.tex"
\pgfutil@everybye=\toks22
\pgfutil@tempdima=\dimen116
\pgfutil@tempdimb=\dimen117

("C:\Users\CAMUGLIAL_INFO\AppData\Local\Programs\MiKTeX 2.9\tex\generic\pgf\uti
lities\pgfutil-common-lists.tex"))
("C:\Users\CAMUGLIAL_INFO\AppData\Local\Programs\MiKTeX 2.9\tex\generic\pgf\uti
lities\pgfutil-latex.def"
\pgfutil@abb=\box26

("C:\Users\CAMUGLIAL_INFO\AppData\Local\Programs\MiKTeX 2.9\tex\latex\ms\everys
hi.sty"
Package: everyshi 2001/05/15 v3.00 EveryShipout Package (MS)
))
("C:\Users\CAMUGLIAL_INFO\AppData\Local\Programs\MiKTeX 2.9\tex\generic\pgf\uti
lities\pgfrcs.code.tex"
Package: pgfrcs 2015/08/07 v3.0.1a (rcs-revision 1.31)
))
Package: pgf 2015/08/07 v3.0.1a (rcs-revision 1.15)

("C:\Users\CAMUGLIAL_INFO\AppData\Local\Programs\MiKTeX 2.9\tex\latex\pgf\basic
layer\pgfcore.sty"
("C:\Users\CAMUGLIAL_INFO\AppData\Local\Programs\MiKTeX 2.9\tex\latex\pgf\syste
mlayer\pgfsys.sty"
("C:\Users\CAMUGLIAL_INFO\AppData\Local\Programs\MiKTeX 2.9\tex\generic\pgf\sys
temlayer\pgfsys.code.tex"
Package: pgfsys 2014/07/09 v3.0.1a (rcs-revision 1.48)

("C:\Users\CAMUGLIAL_INFO\AppData\Local\Programs\MiKTeX 2.9\tex\generic\pgf\uti
lities\pgfkeys.code.tex"
\pgfkeys@pathtoks=\toks23
\pgfkeys@temptoks=\toks24

("C:\Users\CAMUGLIAL_INFO\AppData\Local\Programs\MiKTeX 2.9\tex\generic\pgf\uti
lities\pgfkeysfiltered.code.tex"
\pgfkeys@tmptoks=\toks25
))
\pgf@x=\dimen118
\pgf@y=\dimen119
\pgf@xa=\dimen120
\pgf@ya=\dimen121
\pgf@xb=\dimen122
\pgf@yb=\dimen123
\pgf@xc=\dimen124
\pgf@yc=\dimen125
\w@pgf@writea=\write3
\r@pgf@reada=\read1
\c@pgf@counta=\count101
\c@pgf@countb=\count102
\c@pgf@countc=\count103
\c@pgf@countd=\count104
\t@pgf@toka=\toks26
\t@pgf@tokb=\toks27
\t@pgf@tokc=\toks28

("C:\Users\CAMUGLIAL_INFO\AppData\Local\Programs\MiKTeX 2.9\tex\generic\pgf\sys
temlayer\pgf.cfg"
File: pgf.cfg 2008/05/14  (rcs-revision 1.7)
)
Driver file for pgf: pgfsys-pdftex.def

("C:\Users\CAMUGLIAL_INFO\AppData\Local\Programs\MiKTeX 2.9\tex\generic\pgf\sys
temlayer\pgfsys-pdftex.def"
File: pgfsys-pdftex.def 2014/10/11  (rcs-revision 1.35)

("C:\Users\CAMUGLIAL_INFO\AppData\Local\Programs\MiKTeX 2.9\tex\generic\pgf\sys
temlayer\pgfsys-common-pdf.def"
File: pgfsys-common-pdf.def 2013/10/10  (rcs-revision 1.13)
)))
("C:\Users\CAMUGLIAL_INFO\AppData\Local\Programs\MiKTeX 2.9\tex\generic\pgf\sys
temlayer\pgfsyssoftpath.code.tex"
File: pgfsyssoftpath.code.tex 2013/09/09  (rcs-revision 1.9)
\pgfsyssoftpath@smallbuffer@items=\count105
\pgfsyssoftpath@bigbuffer@items=\count106
)
("C:\Users\CAMUGLIAL_INFO\AppData\Local\Programs\MiKTeX 2.9\tex\generic\pgf\sys
temlayer\pgfsysprotocol.code.tex"
File: pgfsysprotocol.code.tex 2006/10/16  (rcs-revision 1.4)
))
("C:\Users\CAMUGLIAL_INFO\AppData\Local\Programs\MiKTeX 2.9\tex\latex\xcolor\xc
olor.sty"
Package: xcolor 2016/05/11 v2.12 LaTeX color extensions (UK)

("C:\Users\CAMUGLIAL_INFO\AppData\Local\Programs\MiKTeX 2.9\tex\latex\graphics-
cfg\color.cfg"
File: color.cfg 2016/01/02 v1.6 sample color configuration
)
Package xcolor Info: Driver file: pdftex.def on input line 225.
Package xcolor Info: Model `cmy' substituted by `cmy0' on input line 1348.
Package xcolor Info: Model `hsb' substituted by `rgb' on input line 1352.
Package xcolor Info: Model `RGB' extended on input line 1364.
Package xcolor Info: Model `HTML' substituted by `rgb' on input line 1366.
Package xcolor Info: Model `Hsb' substituted by `hsb' on input line 1367.
Package xcolor Info: Model `tHsb' substituted by `hsb' on input line 1368.
Package xcolor Info: Model `HSB' substituted by `hsb' on input line 1369.
Package xcolor Info: Model `Gray' substituted by `gray' on input line 1370.
Package xcolor Info: Model `wave' substituted by `hsb' on input line 1371.
)
("C:\Users\CAMUGLIAL_INFO\AppData\Local\Programs\MiKTeX 2.9\tex\generic\pgf\bas
iclayer\pgfcore.code.tex"
Package: pgfcore 2010/04/11 v3.0.1a (rcs-revision 1.7)

("C:\Users\CAMUGLIAL_INFO\AppData\Local\Programs\MiKTeX 2.9\tex\generic\pgf\mat
h\pgfmath.code.tex"
("C:\Users\CAMUGLIAL_INFO\AppData\Local\Programs\MiKTeX 2.9\tex\generic\pgf\mat
h\pgfmathcalc.code.tex"
("C:\Users\CAMUGLIAL_INFO\AppData\Local\Programs\MiKTeX 2.9\tex\generic\pgf\mat
h\pgfmathutil.code.tex")
("C:\Users\CAMUGLIAL_INFO\AppData\Local\Programs\MiKTeX 2.9\tex\generic\pgf\mat
h\pgfmathparser.code.tex"
\pgfmath@dimen=\dimen126
\pgfmath@count=\count107
\pgfmath@box=\box27
\pgfmath@toks=\toks29
\pgfmath@stack@operand=\toks30
\pgfmath@stack@operation=\toks31
)
("C:\Users\CAMUGLIAL_INFO\AppData\Local\Programs\MiKTeX 2.9\tex\generic\pgf\mat
h\pgfmathfunctions.code.tex"
("C:\Users\CAMUGLIAL_INFO\AppData\Local\Programs\MiKTeX 2.9\tex\generic\pgf\mat
h\pgfmathfunctions.basic.code.tex")
("C:\Users\CAMUGLIAL_INFO\AppData\Local\Programs\MiKTeX 2.9\tex\generic\pgf\mat
h\pgfmathfunctions.trigonometric.code.tex")
("C:\Users\CAMUGLIAL_INFO\AppData\Local\Programs\MiKTeX 2.9\tex\generic\pgf\mat
h\pgfmathfunctions.random.code.tex")
("C:\Users\CAMUGLIAL_INFO\AppData\Local\Programs\MiKTeX 2.9\tex\generic\pgf\mat
h\pgfmathfunctions.comparison.code.tex")
("C:\Users\CAMUGLIAL_INFO\AppData\Local\Programs\MiKTeX 2.9\tex\generic\pgf\mat
h\pgfmathfunctions.base.code.tex")
("C:\Users\CAMUGLIAL_INFO\AppData\Local\Programs\MiKTeX 2.9\tex\generic\pgf\mat
h\pgfmathfunctions.round.code.tex")
("C:\Users\CAMUGLIAL_INFO\AppData\Local\Programs\MiKTeX 2.9\tex\generic\pgf\mat
h\pgfmathfunctions.misc.code.tex")
("C:\Users\CAMUGLIAL_INFO\AppData\Local\Programs\MiKTeX 2.9\tex\generic\pgf\mat
h\pgfmathfunctions.integerarithmetics.code.tex")))
("C:\Users\CAMUGLIAL_INFO\AppData\Local\Programs\MiKTeX 2.9\tex\generic\pgf\mat
h\pgfmathfloat.code.tex"
\c@pgfmathroundto@lastzeros=\count108
))
("C:\Users\CAMUGLIAL_INFO\AppData\Local\Programs\MiKTeX 2.9\tex\generic\pgf\bas
iclayer\pgfcorepoints.code.tex"
File: pgfcorepoints.code.tex 2013/10/07  (rcs-revision 1.27)
\pgf@picminx=\dimen127
\pgf@picmaxx=\dimen128
\pgf@picminy=\dimen129
\pgf@picmaxy=\dimen130
\pgf@pathminx=\dimen131
\pgf@pathmaxx=\dimen132
\pgf@pathminy=\dimen133
\pgf@pathmaxy=\dimen134
\pgf@xx=\dimen135
\pgf@xy=\dimen136
\pgf@yx=\dimen137
\pgf@yy=\dimen138
\pgf@zx=\dimen139
\pgf@zy=\dimen140
)
("C:\Users\CAMUGLIAL_INFO\AppData\Local\Programs\MiKTeX 2.9\tex\generic\pgf\bas
iclayer\pgfcorepathconstruct.code.tex"
File: pgfcorepathconstruct.code.tex 2013/10/07  (rcs-revision 1.29)
\pgf@path@lastx=\dimen141
\pgf@path@lasty=\dimen142
)
("C:\Users\CAMUGLIAL_INFO\AppData\Local\Programs\MiKTeX 2.9\tex\generic\pgf\bas
iclayer\pgfcorepathusage.code.tex"
File: pgfcorepathusage.code.tex 2014/11/02  (rcs-revision 1.24)
\pgf@shorten@end@additional=\dimen143
\pgf@shorten@start@additional=\dimen144
)
("C:\Users\CAMUGLIAL_INFO\AppData\Local\Programs\MiKTeX 2.9\tex\generic\pgf\bas
iclayer\pgfcorescopes.code.tex"
File: pgfcorescopes.code.tex 2015/05/08  (rcs-revision 1.46)
\pgfpic=\box28
\pgf@hbox=\box29
\pgf@layerbox@main=\box30
\pgf@picture@serial@count=\count109
)
("C:\Users\CAMUGLIAL_INFO\AppData\Local\Programs\MiKTeX 2.9\tex\generic\pgf\bas
iclayer\pgfcoregraphicstate.code.tex"
File: pgfcoregraphicstate.code.tex 2014/11/02  (rcs-revision 1.12)
\pgflinewidth=\dimen145
)
("C:\Users\CAMUGLIAL_INFO\AppData\Local\Programs\MiKTeX 2.9\tex\generic\pgf\bas
iclayer\pgfcoretransformations.code.tex"
File: pgfcoretransformations.code.tex 2015/08/07  (rcs-revision 1.20)
\pgf@pt@x=\dimen146
\pgf@pt@y=\dimen147
\pgf@pt@temp=\dimen148
)
("C:\Users\CAMUGLIAL_INFO\AppData\Local\Programs\MiKTeX 2.9\tex\generic\pgf\bas
iclayer\pgfcorequick.code.tex"
File: pgfcorequick.code.tex 2008/10/09  (rcs-revision 1.3)
)
("C:\Users\CAMUGLIAL_INFO\AppData\Local\Programs\MiKTeX 2.9\tex\generic\pgf\bas
iclayer\pgfcoreobjects.code.tex"
File: pgfcoreobjects.code.tex 2006/10/11  (rcs-revision 1.2)
)
("C:\Users\CAMUGLIAL_INFO\AppData\Local\Programs\MiKTeX 2.9\tex\generic\pgf\bas
iclayer\pgfcorepathprocessing.code.tex"
File: pgfcorepathprocessing.code.tex 2013/09/09  (rcs-revision 1.9)
)
("C:\Users\CAMUGLIAL_INFO\AppData\Local\Programs\MiKTeX 2.9\tex\generic\pgf\bas
iclayer\pgfcorearrows.code.tex"
File: pgfcorearrows.code.tex 2015/05/14  (rcs-revision 1.43)
\pgfarrowsep=\dimen149
)
("C:\Users\CAMUGLIAL_INFO\AppData\Local\Programs\MiKTeX 2.9\tex\generic\pgf\bas
iclayer\pgfcoreshade.code.tex"
File: pgfcoreshade.code.tex 2013/07/15  (rcs-revision 1.15)
\pgf@max=\dimen150
\pgf@sys@shading@range@num=\count110
)
("C:\Users\CAMUGLIAL_INFO\AppData\Local\Programs\MiKTeX 2.9\tex\generic\pgf\bas
iclayer\pgfcoreimage.code.tex"
File: pgfcoreimage.code.tex 2013/07/15  (rcs-revision 1.18)

("C:\Users\CAMUGLIAL_INFO\AppData\Local\Programs\MiKTeX 2.9\tex\generic\pgf\bas
iclayer\pgfcoreexternal.code.tex"
File: pgfcoreexternal.code.tex 2014/07/09  (rcs-revision 1.21)
\pgfexternal@startupbox=\box31
))
("C:\Users\CAMUGLIAL_INFO\AppData\Local\Programs\MiKTeX 2.9\tex\generic\pgf\bas
iclayer\pgfcorelayers.code.tex"
File: pgfcorelayers.code.tex 2013/07/18  (rcs-revision 1.7)
)
("C:\Users\CAMUGLIAL_INFO\AppData\Local\Programs\MiKTeX 2.9\tex\generic\pgf\bas
iclayer\pgfcoretransparency.code.tex"
File: pgfcoretransparency.code.tex 2013/09/30  (rcs-revision 1.5)
)
("C:\Users\CAMUGLIAL_INFO\AppData\Local\Programs\MiKTeX 2.9\tex\generic\pgf\bas
iclayer\pgfcorepatterns.code.tex"
File: pgfcorepatterns.code.tex 2013/11/07  (rcs-revision 1.5)
)))
("C:\Users\CAMUGLIAL_INFO\AppData\Local\Programs\MiKTeX 2.9\tex\generic\pgf\mod
ules\pgfmoduleshapes.code.tex"
File: pgfmoduleshapes.code.tex 2014/03/21  (rcs-revision 1.35)
\pgfnodeparttextbox=\box32
)
("C:\Users\CAMUGLIAL_INFO\AppData\Local\Programs\MiKTeX 2.9\tex\generic\pgf\mod
ules\pgfmoduleplot.code.tex"
File: pgfmoduleplot.code.tex 2015/08/03  (rcs-revision 1.13)
)
("C:\Users\CAMUGLIAL_INFO\AppData\Local\Programs\MiKTeX 2.9\tex\latex\pgf\compa
tibility\pgfcomp-version-0-65.sty"
Package: pgfcomp-version-0-65 2007/07/03 v3.0.1a (rcs-revision 1.7)
\pgf@nodesepstart=\dimen151
\pgf@nodesepend=\dimen152
)
("C:\Users\CAMUGLIAL_INFO\AppData\Local\Programs\MiKTeX 2.9\tex\latex\pgf\compa
tibility\pgfcomp-version-1-18.sty"
Package: pgfcomp-version-1-18 2007/07/23 v3.0.1a (rcs-revision 1.1)
))
("C:\Users\CAMUGLIAL_INFO\AppData\Local\Programs\MiKTeX 2.9\tex\latex\pgf\utili
ties\pgffor.sty"
("C:\Users\CAMUGLIAL_INFO\AppData\Local\Programs\MiKTeX 2.9\tex\latex\pgf\utili
ties\pgfkeys.sty"
("C:\Users\CAMUGLIAL_INFO\AppData\Local\Programs\MiKTeX 2.9\tex\generic\pgf\uti
lities\pgfkeys.code.tex"))
("C:\Users\CAMUGLIAL_INFO\AppData\Local\Programs\MiKTeX 2.9\tex\latex\pgf\math\
pgfmath.sty"
("C:\Users\CAMUGLIAL_INFO\AppData\Local\Programs\MiKTeX 2.9\tex\generic\pgf\mat
h\pgfmath.code.tex"))
("C:\Users\CAMUGLIAL_INFO\AppData\Local\Programs\MiKTeX 2.9\tex\generic\pgf\uti
lities\pgffor.code.tex"
Package: pgffor 2013/12/13 v3.0.1a (rcs-revision 1.25)

("C:\Users\CAMUGLIAL_INFO\AppData\Local\Programs\MiKTeX 2.9\tex\generic\pgf\mat
h\pgfmath.code.tex")
\pgffor@iter=\dimen153
\pgffor@skip=\dimen154
\pgffor@stack=\toks32
\pgffor@toks=\toks33
))
("C:\Users\CAMUGLIAL_INFO\AppData\Local\Programs\MiKTeX 2.9\tex\generic\pgf\fro
ntendlayer\tikz\tikz.code.tex"
Package: tikz 2015/08/07 v3.0.1a (rcs-revision 1.151)

("C:\Users\CAMUGLIAL_INFO\AppData\Local\Programs\MiKTeX 2.9\tex\generic\pgf\lib
raries\pgflibraryplothandlers.code.tex"
File: pgflibraryplothandlers.code.tex 2013/08/31 v3.0.1a (rcs-revision 1.20)
\pgf@plot@mark@count=\count111
\pgfplotmarksize=\dimen155
)
\tikz@lastx=\dimen156
\tikz@lasty=\dimen157
\tikz@lastxsaved=\dimen158
\tikz@lastysaved=\dimen159
\tikzleveldistance=\dimen160
\tikzsiblingdistance=\dimen161
\tikz@figbox=\box33
\tikz@figbox@bg=\box34
\tikz@tempbox=\box35
\tikz@tempbox@bg=\box36
\tikztreelevel=\count112
\tikznumberofchildren=\count113
\tikznumberofcurrentchild=\count114
\tikz@fig@count=\count115

("C:\Users\CAMUGLIAL_INFO\AppData\Local\Programs\MiKTeX 2.9\tex\generic\pgf\mod
ules\pgfmodulematrix.code.tex"
File: pgfmodulematrix.code.tex 2013/09/17  (rcs-revision 1.8)
\pgfmatrixcurrentrow=\count116
\pgfmatrixcurrentcolumn=\count117
\pgf@matrix@numberofcolumns=\count118
)
\tikz@expandcount=\count119

("C:\Users\CAMUGLIAL_INFO\AppData\Local\Programs\MiKTeX 2.9\tex\generic\pgf\fro
ntendlayer\tikz\libraries\tikzlibrarytopaths.code.tex"
File: tikzlibrarytopaths.code.tex 2008/06/17 v3.0.1a (rcs-revision 1.2)
)))
("C:\Users\CAMUGLIAL_INFO\AppData\Local\Programs\MiKTeX 2.9\tex\latex\pgfplots\
pgfplots.sty"
("C:\Users\CAMUGLIAL_INFO\AppData\Local\Programs\MiKTeX 2.9\tex\generic\pgfplot
s\pgfplots.revision.tex")
Package: pgfplots 2016/08/10 v1.14 Data Visualization (1.14)

("C:\Users\CAMUGLIAL_INFO\AppData\Local\Programs\MiKTeX 2.9\tex\generic\pgfplot
s\pgfplots.code.tex"
("C:\Users\CAMUGLIAL_INFO\AppData\Local\Programs\MiKTeX 2.9\tex\generic\pgfplot
s\pgfplotscore.code.tex"
\t@pgfplots@toka=\toks34
\t@pgfplots@tokb=\toks35
\t@pgfplots@tokc=\toks36
\pgfplots@tmpa=\dimen162
\c@pgfplots@coordindex=\count120
\c@pgfplots@scanlineindex=\count121

("C:\Users\CAMUGLIAL_INFO\AppData\Local\Programs\MiKTeX 2.9\tex\generic\pgfplot
s\sys\pgfplotssysgeneric.code.tex"))
("C:\Users\CAMUGLIAL_INFO\AppData\Local\Programs\MiKTeX 2.9\tex\generic\pgfplot
s\libs\pgfplotslibrary.code.tex")
("C:\Users\CAMUGLIAL_INFO\AppData\Local\Programs\MiKTeX 2.9\tex\generic\pgfplot
s\oldpgfcompatib\pgfplotsoldpgfsupp_loader.code.tex"
("C:\Users\CAMUGLIAL_INFO\AppData\Local\Programs\MiKTeX 2.9\tex\generic\pgf\lib
raries\pgflibraryfpu.code.tex")
Package pgfplots: loading complementary arithmetics for your pgf version...

("C:\Users\CAMUGLIAL_INFO\AppData\Local\Programs\MiKTeX 2.9\tex\generic\pgfplot
s\oldpgfcompatib\pgfplotsoldpgfsupp_pgflibraryfpu.code.tex")
("C:\Users\CAMUGLIAL_INFO\AppData\Local\Programs\MiKTeX 2.9\tex\generic\pgfplot
s\oldpgfcompatib\pgfplotsoldpgfsupp_pgfmathfloat.code.tex"
\c@pgfmathroundto@lastzeros=\count122
))
("C:\Users\CAMUGLIAL_INFO\AppData\Local\Programs\MiKTeX 2.9\tex\generic\pgfplot
s\util\pgfplotsutil.code.tex"
("C:\Users\CAMUGLIAL_INFO\AppData\Local\Programs\MiKTeX 2.9\tex\generic\pgfplot
s\liststructure\pgfplotsliststructure.code.tex")
("C:\Users\CAMUGLIAL_INFO\AppData\Local\Programs\MiKTeX 2.9\tex\generic\pgfplot
s\liststructure\pgfplotsliststructureext.code.tex")
("C:\Users\CAMUGLIAL_INFO\AppData\Local\Programs\MiKTeX 2.9\tex\generic\pgfplot
s\liststructure\pgfplotsarray.code.tex"
\c@pgfplotsarray@tmp=\count123
)
("C:\Users\CAMUGLIAL_INFO\AppData\Local\Programs\MiKTeX 2.9\tex\generic\pgfplot
s\liststructure\pgfplotsmatrix.code.tex")
("C:\Users\CAMUGLIAL_INFO\AppData\Local\Programs\MiKTeX 2.9\tex\generic\pgfplot
s\numtable\pgfplotstableshared.code.tex"
\c@pgfplotstable@counta=\count124
\t@pgfplotstable@a=\toks37
)
("C:\Users\CAMUGLIAL_INFO\AppData\Local\Programs\MiKTeX 2.9\tex\generic\pgfplot
s\liststructure\pgfplotsdeque.code.tex")
("C:\Users\CAMUGLIAL_INFO\AppData\Local\Programs\MiKTeX 2.9\tex\generic\pgfplot
s\util\pgfplotsbinary.code.tex"
("C:\Users\CAMUGLIAL_INFO\AppData\Local\Programs\MiKTeX 2.9\tex\generic\pgfplot
s\util\pgfplotsbinary.data.code.tex"))
("C:\Users\CAMUGLIAL_INFO\AppData\Local\Programs\MiKTeX 2.9\tex\generic\pgfplot
s\util\pgfplotsutil.verb.code.tex")
("C:\Users\CAMUGLIAL_INFO\AppData\Local\Programs\MiKTeX 2.9\tex\generic\pgfplot
s\libs\pgflibrarypgfplots.surfshading.code.tex"
\c@pgfplotslibrarysurf@no=\count125

("C:\Users\CAMUGLIAL_INFO\AppData\Local\Programs\MiKTeX 2.9\tex\generic\pgfplot
s\sys\pgflibrarypgfplots.surfshading.pgfsys-pdftex.def")))
("C:\Users\CAMUGLIAL_INFO\AppData\Local\Programs\MiKTeX 2.9\tex\generic\pgfplot
s\util\pgfplotscolormap.code.tex"
("C:\Users\CAMUGLIAL_INFO\AppData\Local\Programs\MiKTeX 2.9\tex\generic\pgfplot
s\util\pgfplotscolor.code.tex"))
("C:\Users\CAMUGLIAL_INFO\AppData\Local\Programs\MiKTeX 2.9\tex\generic\pgfplot
s\pgfplotsstackedplots.code.tex")
("C:\Users\CAMUGLIAL_INFO\AppData\Local\Programs\MiKTeX 2.9\tex\generic\pgfplot
s\pgfplotsplothandlers.code.tex"
("C:\Users\CAMUGLIAL_INFO\AppData\Local\Programs\MiKTeX 2.9\tex\generic\pgfplot
s\pgfplotsmeshplothandler.code.tex"
("C:\Users\CAMUGLIAL_INFO\AppData\Local\Programs\MiKTeX 2.9\tex\generic\pgfplot
s\pgfplotsmeshplotimage.code.tex")))
("C:\Users\CAMUGLIAL_INFO\AppData\Local\Programs\MiKTeX 2.9\tex\generic\pgfplot
s\pgfplots.scaling.code.tex")
("C:\Users\CAMUGLIAL_INFO\AppData\Local\Programs\MiKTeX 2.9\tex\generic\pgfplot
s\pgfplotscoordprocessing.code.tex")
("C:\Users\CAMUGLIAL_INFO\AppData\Local\Programs\MiKTeX 2.9\tex\generic\pgfplot
s\pgfplots.errorbars.code.tex")
("C:\Users\CAMUGLIAL_INFO\AppData\Local\Programs\MiKTeX 2.9\tex\generic\pgfplot
s\pgfplots.markers.code.tex")
("C:\Users\CAMUGLIAL_INFO\AppData\Local\Programs\MiKTeX 2.9\tex\generic\pgfplot
s\pgfplotsticks.code.tex")
("C:\Users\CAMUGLIAL_INFO\AppData\Local\Programs\MiKTeX 2.9\tex\generic\pgfplot
s\pgfplots.paths.code.tex")
("C:\Users\CAMUGLIAL_INFO\AppData\Local\Programs\MiKTeX 2.9\tex\generic\pgf\fro
ntendlayer\tikz\libraries\tikzlibrarydecorations.code.tex"
("C:\Users\CAMUGLIAL_INFO\AppData\Local\Programs\MiKTeX 2.9\tex\generic\pgf\mod
ules\pgfmoduledecorations.code.tex"
\pgfdecoratedcompleteddistance=\dimen163
\pgfdecoratedremainingdistance=\dimen164
\pgfdecoratedinputsegmentcompleteddistance=\dimen165
\pgfdecoratedinputsegmentremainingdistance=\dimen166
\pgf@decorate@distancetomove=\dimen167
\pgf@decorate@repeatstate=\count126
\pgfdecorationsegmentamplitude=\dimen168
\pgfdecorationsegmentlength=\dimen169
)
\tikz@lib@dec@box=\box37
)
("C:\Users\CAMUGLIAL_INFO\AppData\Local\Programs\MiKTeX 2.9\tex\generic\pgf\fro
ntendlayer\tikz\libraries\tikzlibrarydecorations.pathmorphing.code.tex"
("C:\Users\CAMUGLIAL_INFO\AppData\Local\Programs\MiKTeX 2.9\tex\generic\pgf\lib
raries\decorations\pgflibrarydecorations.pathmorphing.code.tex"))
("C:\Users\CAMUGLIAL_INFO\AppData\Local\Programs\MiKTeX 2.9\tex\generic\pgf\fro
ntendlayer\tikz\libraries\tikzlibrarydecorations.pathreplacing.code.tex"
("C:\Users\CAMUGLIAL_INFO\AppData\Local\Programs\MiKTeX 2.9\tex\generic\pgf\lib
raries\decorations\pgflibrarydecorations.pathreplacing.code.tex"))
\pgfplots@numplots=\count127
\pgfplots@xmin@reg=\dimen170
\pgfplots@xmax@reg=\dimen171
\pgfplots@ymin@reg=\dimen172
\pgfplots@ymax@reg=\dimen173
\pgfplots@zmin@reg=\dimen174
\pgfplots@zmax@reg=\dimen175
)
("C:\Users\CAMUGLIAL_INFO\AppData\Local\Programs\MiKTeX 2.9\tex\generic\pgf\fro
ntendlayer\tikz\libraries\tikzlibraryplotmarks.code.tex"
File: tikzlibraryplotmarks.code.tex 2008/01/09 v3.0.1a (rcs-revision 1.1)

("C:\Users\CAMUGLIAL_INFO\AppData\Local\Programs\MiKTeX 2.9\tex\generic\pgf\lib
raries\pgflibraryplotmarks.code.tex"
File: pgflibraryplotmarks.code.tex 2015/08/03 v3.0.1a (rcs-revision 1.14)
)))
("C:\Users\CAMUGLIAL_INFO\AppData\Local\Programs\MiKTeX 2.9\tex\latex\hyperref\
hyperref.sty"
Package: hyperref 2017/03/14 v6.85a Hypertext links for LaTeX

("C:\Users\CAMUGLIAL_INFO\AppData\Local\Programs\MiKTeX 2.9\tex\generic\oberdie
k\hobsub-hyperref.sty"
Package: hobsub-hyperref 2016/05/16 v1.14 Bundle oberdiek, subset hyperref (HO)


("C:\Users\CAMUGLIAL_INFO\AppData\Local\Programs\MiKTeX 2.9\tex\generic\oberdie
k\hobsub-generic.sty"
Package: hobsub-generic 2016/05/16 v1.14 Bundle oberdiek, subset generic (HO)
Package: hobsub 2016/05/16 v1.14 Construct package bundles (HO)
Package hobsub Info: Skipping package `infwarerr' (already loaded).
Package hobsub Info: Skipping package `ltxcmds' (already loaded).
Package: ifluatex 2016/05/16 v1.4 Provides the ifluatex switch (HO)
Package ifluatex Info: LuaTeX not detected.
Package hobsub Info: Skipping package `ifvtex' (already loaded).
Package: intcalc 2016/05/16 v1.2 Expandable calculations with integers (HO)
Package hobsub Info: Skipping package `ifpdf' (already loaded).
Package: etexcmds 2016/05/16 v1.6 Avoid name clashes with e-TeX commands (HO)
Package etexcmds Info: Could not find \expanded.
(etexcmds)             That can mean that you are not using pdfTeX 1.50 or
(etexcmds)             that some package has redefined \expanded.
(etexcmds)             In the latter case, load this package earlier.
Package: kvsetkeys 2016/05/16 v1.17 Key value parser (HO)
Package: kvdefinekeys 2016/05/16 v1.4 Define keys (HO)
Package: pdftexcmds 2017/03/19 v0.25 Utility functions of pdfTeX for LuaTeX (HO
)
Package pdftexcmds Info: LuaTeX not detected.
Package pdftexcmds Info: \pdf@primitive is available.
Package pdftexcmds Info: \pdf@ifprimitive is available.
Package pdftexcmds Info: \pdfdraftmode found.
Package: pdfescape 2016/05/16 v1.14 Implements pdfTeX's escape features (HO)
Package: bigintcalc 2016/05/16 v1.4 Expandable calculations on big integers (HO
)
Package: bitset 2016/05/16 v1.2 Handle bit-vector datatype (HO)
Package: uniquecounter 2016/05/16 v1.3 Provide unlimited unique counter (HO)
)
Package hobsub Info: Skipping package `hobsub' (already loaded).
Package: letltxmacro 2016/05/16 v1.5 Let assignment for LaTeX macros (HO)
Package: hopatch 2016/05/16 v1.3 Wrapper for package hooks (HO)
Package: xcolor-patch 2016/05/16 xcolor patch
Package: atveryend 2016/05/16 v1.9 Hooks at the very end of document (HO)
Package atveryend Info: \enddocument detected (standard20110627).
Package: atbegshi 2016/06/09 v1.18 At begin shipout hook (HO)
Package: refcount 2016/05/16 v3.5 Data extraction from label references (HO)
Package: hycolor 2016/05/16 v1.8 Color options for hyperref/bookmark (HO)
)
("C:\Users\CAMUGLIAL_INFO\AppData\Local\Programs\MiKTeX 2.9\tex\latex\oberdiek\
auxhook.sty"
Package: auxhook 2016/05/16 v1.4 Hooks for auxiliary files (HO)
)
("C:\Users\CAMUGLIAL_INFO\AppData\Local\Programs\MiKTeX 2.9\tex\latex\oberdiek\
kvoptions.sty"
Package: kvoptions 2016/05/16 v3.12 Key value format for package options (HO)
)
\@linkdim=\dimen176
\Hy@linkcounter=\count128
\Hy@pagecounter=\count129

("C:\Users\CAMUGLIAL_INFO\AppData\Local\Programs\MiKTeX 2.9\tex\latex\hyperref\
pd1enc.def"
File: pd1enc.def 2017/03/14 v6.85a Hyperref: PDFDocEncoding definition (HO)
)
\Hy@SavedSpaceFactor=\count130

("C:\Users\CAMUGLIAL_INFO\AppData\Local\Programs\MiKTeX 2.9\tex\latex\00miktex\
hyperref.cfg"
File: hyperref.cfg 2002/06/06 v1.2 hyperref configuration of TeXLive
)
Package hyperref Info: Hyper figures OFF on input line 4498.
Package hyperref Info: Link nesting OFF on input line 4503.
Package hyperref Info: Hyper index ON on input line 4506.
Package hyperref Info: Plain pages OFF on input line 4513.
Package hyperref Info: Backreferencing OFF on input line 4518.
Package hyperref Info: Implicit mode ON; LaTeX internals redefined.
Package hyperref Info: Bookmarks ON on input line 4751.
\c@Hy@tempcnt=\count131

("C:\Users\CAMUGLIAL_INFO\AppData\Local\Programs\MiKTeX 2.9\tex\latex\url\url.s
ty"
\Urlmuskip=\muskip10
Package: url 2013/09/16  ver 3.4  Verb mode for urls, etc.
)
LaTeX Info: Redefining \url on input line 5104.
\XeTeXLinkMargin=\dimen177
\Fld@menulength=\count132
\Field@Width=\dimen178
\Fld@charsize=\dimen179
Package hyperref Info: Hyper figures OFF on input line 6358.
Package hyperref Info: Link nesting OFF on input line 6363.
Package hyperref Info: Hyper index ON on input line 6366.
Package hyperref Info: backreferencing OFF on input line 6373.
Package hyperref Info: Link coloring OFF on input line 6378.
Package hyperref Info: Link coloring with OCG OFF on input line 6383.
Package hyperref Info: PDF/A mode OFF on input line 6388.
LaTeX Info: Redefining \ref on input line 6428.
LaTeX Info: Redefining \pageref on input line 6432.
\Hy@abspage=\count133
\c@Item=\count134
\c@Hfootnote=\count135
)

Package hyperref Message: Driver (autodetected): hpdftex.


("C:\Users\CAMUGLIAL_INFO\AppData\Local\Programs\MiKTeX 2.9\tex\latex\hyperref\
hpdftex.def"
File: hpdftex.def 2017/03/14 v6.85a Hyperref driver for pdfTeX
\Fld@listcount=\count136
\c@bookmark@seq@number=\count137

("C:\Users\CAMUGLIAL_INFO\AppData\Local\Programs\MiKTeX 2.9\tex\latex\oberdiek\
rerunfilecheck.sty"
Package: rerunfilecheck 2016/05/16 v1.8 Rerun checks for auxiliary files (HO)
Package uniquecounter Info: New unique counter `rerunfilecheck' on input line 2
82.
)
\Hy@SectionHShift=\skip53
)
("C:\Users\CAMUGLIAL_INFO\AppData\Local\Programs\MiKTeX 2.9\tex\latex\mdwtools\
footnote.sty"
Package: footnote 1997/01/28 1.13 Save footnotes around boxes
\fn@notes=\box38
\fn@width=\dimen180
)
("C:\Users\CAMUGLIAL_INFO\AppData\Local\Programs\MiKTeX 2.9\tex\latex\oberdiek\
listingsutf8.sty"
Package: listingsutf8 2016/05/16 v1.3 Allow UTF-8 in listings input (HO)

("C:\Users\CAMUGLIAL_INFO\AppData\Local\Programs\MiKTeX 2.9\tex\latex\listings\
listings.sty"
\lst@mode=\count138
\lst@gtempboxa=\box39
\lst@token=\toks38
\lst@length=\count139
\lst@currlwidth=\dimen181
\lst@column=\count140
\lst@pos=\count141
\lst@lostspace=\dimen182
\lst@width=\dimen183
\lst@newlines=\count142
\lst@lineno=\count143
\lst@maxwidth=\dimen184

("C:\Users\CAMUGLIAL_INFO\AppData\Local\Programs\MiKTeX 2.9\tex\latex\listings\
lstmisc.sty"
File: lstmisc.sty 2015/06/04 1.6 (Carsten Heinz)
\c@lstnumber=\count144
\lst@skipnumbers=\count145
\lst@framebox=\box40
)
("C:\Users\CAMUGLIAL_INFO\AppData\Local\Programs\MiKTeX 2.9\tex\latex\listings\
listings.cfg"
File: listings.cfg 2015/06/04 1.6 listings configuration
))
Package: listings 2015/06/04 1.6 (Carsten Heinz)

("C:\Users\CAMUGLIAL_INFO\AppData\Local\Programs\MiKTeX 2.9\tex\generic\oberdie
k\stringenc.sty"
Package: stringenc 2016/05/16 v1.11 Convert strings between diff. encodings (HO
)
))
("C:\Users\CAMUGLIAL_INFO\AppData\Local\Programs\MiKTeX 2.9\tex\latex\tools\ver
batim.sty"
Package: verbatim 2014/10/28 v1.5q LaTeX2e package for verbatim enhancements
\every@verbatim=\toks39
\verbatim@line=\toks40
\verbatim@in@stream=\read2
)
("C:\Users\CAMUGLIAL_INFO\AppData\Local\Programs\MiKTeX 2.9\tex\latex\footmisc\
footmisc.sty"
Package: footmisc 2011/06/06 v5.5b a miscellany of footnote facilities
\FN@temptoken=\toks41
\footnotemargin=\dimen185
\c@pp@next@reset=\count146
Package footmisc Info: Declaring symbol style bringhurst on input line 855.
Package footmisc Info: Declaring symbol style chicago on input line 863.
Package footmisc Info: Declaring symbol style wiley on input line 872.
Package footmisc Info: Declaring symbol style lamport-robust on input line 883.

Package footmisc Info: Declaring symbol style lamport* on input line 903.
Package footmisc Info: Declaring symbol style lamport*-robust on input line 924
.
)
("C:\Users\CAMUGLIAL_INFO\AppData\Local\Programs\MiKTeX 2.9\tex\latex\etoolbox\
etoolbox.sty"
Package: etoolbox 2017/01/02 v2.4 e-TeX tools for LaTeX (JAW)
\etb@tempcnta=\count147
)
("C:\Users\CAMUGLIAL_INFO\AppData\Local\Programs\MiKTeX 2.9\tex\generic\pgf\fro
ntendlayer\tikz\libraries\tikzlibrarypatterns.code.tex"
File: tikzlibrarypatterns.code.tex 2008/01/15 v3.0.1a (rcs-revision 1.2)

("C:\Users\CAMUGLIAL_INFO\AppData\Local\Programs\MiKTeX 2.9\tex\generic\pgf\lib
raries\pgflibrarypatterns.code.tex"
File: pgflibrarypatterns.code.tex 2008/03/03 v3.0.1a (rcs-revision 1.13)
))
("C:\Users\CAMUGLIAL_INFO\AppData\Local\Programs\MiKTeX 2.9\tex\latex\listings\
lstmisc.sty"
File: lstmisc.sty 2015/06/04 1.6 (Carsten Heinz)
\lst@fmtcurrindent=\dimen186
\lst@newlinesensured=\count148
)
("C:\Users\CAMUGLIAL_INFO\AppData\Local\Programs\MiKTeX 2.9\tex\latex\listings\
lstlang1.sty"
File: lstlang1.sty 2015/06/04 1.6 listings language file
)
("C:\Users\CAMUGLIAL_INFO\AppData\Local\Programs\MiKTeX 2.9\tex\latex\listings\
lstlang1.sty"
File: lstlang1.sty 2015/06/04 1.6 listings language file
)
("C:\Users\CAMUGLIAL_INFO\AppData\Local\Programs\MiKTeX 2.9\tex\latex\fancyhdr\
fancyhdr.sty"
Package: fancyhdr 2016/09/06 3.8 Extensive control of page headers and footers
\fancy@headwidth=\skip54
\f@ncyO@elh=\skip55
\f@ncyO@erh=\skip56
\f@ncyO@olh=\skip57
\f@ncyO@orh=\skip58
\f@ncyO@elf=\skip59
\f@ncyO@erf=\skip60
\f@ncyO@olf=\skip61
\f@ncyO@orf=\skip62
) (main.aux)
\openout1 = `main.aux'.

LaTeX Font Info:    Checking defaults for OML/cmm/m/it on input line 138.
LaTeX Font Info:    ... okay on input line 138.
LaTeX Font Info:    Checking defaults for T1/cmr/m/n on input line 138.
LaTeX Font Info:    ... okay on input line 138.
LaTeX Font Info:    Checking defaults for OT1/cmr/m/n on input line 138.
LaTeX Font Info:    ... okay on input line 138.
LaTeX Font Info:    Checking defaults for OMS/cmsy/m/n on input line 138.
LaTeX Font Info:    ... okay on input line 138.
LaTeX Font Info:    Checking defaults for OMX/cmex/m/n on input line 138.
LaTeX Font Info:    ... okay on input line 138.
LaTeX Font Info:    Checking defaults for U/cmr/m/n on input line 138.
LaTeX Font Info:    ... okay on input line 138.
LaTeX Font Info:    Checking defaults for PD1/pdf/m/n on input line 138.
LaTeX Font Info:    ... okay on input line 138.

("C:\Users\CAMUGLIAL_INFO\AppData\Local\Programs\MiKTeX 2.9\tex\latex\ucs\ucsen
cs.def"
File: ucsencs.def 2011/01/21 Fixes to fontencodings LGR, T3
)
LaTeX Info: Redefining \degres on input line 138.
LaTeX Info: Redefining \dots on input line 138.
LaTeX Info: Redefining \up on input line 138.

("C:\Users\CAMUGLIAL_INFO\AppData\Local\Programs\MiKTeX 2.9\tex\context\base\su
pp-pdf.mkii"
[Loading MPS to PDF converter (version 2006.09.02).]
\scratchcounter=\count149
\scratchdimen=\dimen187
\scratchbox=\box41
\nofMPsegments=\count150
\nofMParguments=\count151
\everyMPshowfont=\toks42
\MPscratchCnt=\count152
\MPscratchDim=\dimen188
\MPnumerator=\count153
\makeMPintoPDFobject=\count154
\everyMPtoPDFconversion=\toks43
)
("C:\Users\CAMUGLIAL_INFO\AppData\Local\Programs\MiKTeX 2.9\tex\latex\oberdiek\
epstopdf-base.sty"
Package: epstopdf-base 2016/05/15 v2.6 Base part for package epstopdf

("C:\Users\CAMUGLIAL_INFO\AppData\Local\Programs\MiKTeX 2.9\tex\latex\oberdiek\
grfext.sty"
Package: grfext 2016/05/16 v1.2 Manage graphics extensions (HO)
)
Package epstopdf-base Info: Redefining graphics rule for `.eps' on input line 4
38.
Package grfext Info: Graphics extension search list:
(grfext)             [.png,.pdf,.jpg,.mps,.jpeg,.jbig2,.jb2,.PNG,.PDF,.JPG,.JPE
G,.JBIG2,.JB2,.eps]
(grfext)             \AppendGraphicsExtensions on input line 456.
)
*geometry* driver: auto-detecting
*geometry* detected driver: pdftex
*geometry* verbose mode - [ preamble ] result:
* driver: pdftex
* paper: a4paper
* layout: <same size as paper>
* layoutoffset:(h,v)=(0.0pt,0.0pt)
* modes: 
* h-part:(L,W,R)=(85.35826pt, 426.79135pt, 85.35826pt)
* v-part:(T,H,B)=(85.35826pt, 674.33032pt, 85.35826pt)
* \paperwidth=597.50787pt
* \paperheight=845.04684pt
* \textwidth=426.79135pt
* \textheight=674.33032pt
* \oddsidemargin=13.08827pt
* \evensidemargin=13.08827pt
* \topmargin=-23.91173pt
* \headheight=12.0pt
* \headsep=25.0pt
* \topskip=10.0pt
* \footskip=30.0pt
* \marginparwidth=57.0pt
* \marginparsep=11.0pt
* \columnsep=10.0pt
* \skip\footins=9.0pt plus 4.0pt minus 2.0pt
* \hoffset=0.0pt
* \voffset=0.0pt
* \mag=1000
* \@twocolumnfalse
* \@twosidefalse
* \@mparswitchfalse
* \@reversemarginfalse
* (1in=72.27pt=25.4mm, 1cm=28.453pt)

ABD: EveryShipout initializing macros
Package pgfplots notification 'compat/show suggested version=true': document ha
s been generated with the most recent feature set (\pgfplotsset{compat=1.14}).

\AtBeginShipoutBox=\box42
Package hyperref Info: Link coloring OFF on input line 138.

("C:\Users\CAMUGLIAL_INFO\AppData\Local\Programs\MiKTeX 2.9\tex\latex\hyperref\
nameref.sty"
Package: nameref 2016/05/21 v2.44 Cross-referencing by name of section

("C:\Users\CAMUGLIAL_INFO\AppData\Local\Programs\MiKTeX 2.9\tex\generic\oberdie
k\gettitlestring.sty"
Package: gettitlestring 2016/05/16 v1.5 Cleanup title references (HO)
)
\c@section@level=\count155
)
LaTeX Info: Redefining \ref on input line 138.
LaTeX Info: Redefining \pageref on input line 138.
LaTeX Info: Redefining \nameref on input line 138.
 (main.out) (main.out)
\@outlinefile=\write4
\openout4 = `main.out'.

\c@lstlisting=\count156

("C:\Users\CAMUGLIAL_INFO\AppData\Local\Programs\MiKTeX 2.9\tex\latex\ucs\uni-0
.def"
File: uni-0.def 2013/05/13 UCS: Unicode data U+0000..U+00FF
) [1

{C:/Users/CAMUGLIAL_INFO/AppData/Local/MiKTeX/2.9/pdftex/config/pdftex.map}] (I
ntro.tex
LaTeX Font Info:    External font `cmex10' loaded for size
(Font)              <7> on input line 5.
LaTeX Font Info:    External font `cmex10' loaded for size
(Font)              <5> on input line 5.
LaTeX Font Info:    Try loading font information for T1+cmtt on input line 5.

("C:\Users\CAMUGLIAL_INFO\AppData\Local\Programs\MiKTeX 2.9\tex\latex\base\t1cm
tt.fd"
File: t1cmtt.fd 2014/09/29 v2.5h Standard LaTeX font definitions
)
LaTeX Font Info:    External font `cmex10' loaded for size
(Font)              <8> on input line 5.
LaTeX Font Info:    External font `cmex10' loaded for size
(Font)              <6> on input line 5.

("C:\Users\CAMUGLIAL_INFO\AppData\Local\Programs\MiKTeX 2.9\tex\latex\ucs\uni-3
2.def"
File: uni-32.def 2013/05/13 UCS: Unicode data U+2000..U+20FF
)pdfTeX warning (ext4): destination with the same identifier (name{page.1}) has
 been already used, duplicate ignored
<to be read again> 
                   \relax 
l.41 }{}
         [1]
Package atveryend Info: Empty hook `BeforeClearDocument' on input line 41.
Package atveryend Info: Empty hook `AfterLastShipout' on input line 41.
 (main.aux)
Package atveryend Info: Executing hook `AtVeryEndDocument' on input line 41.
Package atveryend Info: Executing hook `AtEndAfterFileList' on input line 41.
Package rerunfilecheck Info: File `main.out' has not changed.
(rerunfilecheck)             Checksum: 387533EC09004387EB23B39E0B302CDA;168.
Package atveryend Info: Empty hook `AtVeryVeryEnd' on input line 41.
 ) ) 
Here is how much of TeX's memory you used:
 29852 strings out of 493328
 697013 string characters out of 3126167
 884935 words of memory out of 3000000
 32897 multiletter control sequences out of 15000+200000
 13981 words of font info for 32 fonts, out of 3000000 for 9000
 1141 hyphenation exceptions out of 8191
 69i,11n,120p,887b,609s stack positions out of 5000i,500n,10000p,200000b,50000s
pdfTeX warning (dest): name{Hfootnote.1} has been referenced but does not e
xist, replaced by a fixed one

 <C:\Users\CAMUGLIAL_INFO\AppData\Local\MiKTeX\2.9\fonts\pk\ljfour\jknappen\ec\
dpi600\ectt0800.pk> <C:\Users\CAMUGLIAL_INFO\AppData\Local\MiKTeX\2.9\fonts\pk\
ljfour\jknappen\ec\dpi600\ecti0800.pk> <C:\Users\CAMUGLIAL_INFO\AppData\Local\M
iKTeX\2.9\fonts\pk\ljfour\jknappen\ec\dpi600\ecrm0800.pk> <C:\Users\CAMUGLIAL_I
NFO\AppData\Local\MiKTeX\2.9\fonts\pk\ljfour\jknappen\ec\dpi600\ecrm0700.pk> <C
:\Users\CAMUGLIAL_INFO\AppData\Local\MiKTeX\2.9\fonts\pk\ljfour\jknappen\ec\dpi
600\ecbx1200.pk> <C:\Users\CAMUGLIAL_INFO\AppData\Local\MiKTeX\2.9\fonts\pk\ljf
our\jknappen\ec\dpi600\ecbx1440.pk> <C:\Users\CAMUGLIAL_INFO\AppData\Local\MiKT
eX\2.9\fonts\pk\ljfour\jknappen\ec\dpi600\ecti1000.pk> <C:\Users\CAMUGLIAL_INFO
\AppData\Local\MiKTeX\2.9\fonts\pk\ljfour\jknappen\ec\dpi600\ecrm1000.pk> <C:\U
sers\CAMUGLIAL_INFO\AppData\Local\MiKTeX\2.9\fonts\pk\ljfour\jknappen\ec\dpi600
\ecrm1200.pk> <C:\Users\CAMUGLIAL_INFO\AppData\Local\MiKTeX\2.9\fonts\pk\ljfour
\jknappen\ec\dpi600\ecrm1440.pk> <C:\Users\CAMUGLIAL_INFO\AppData\Local\MiKTeX\
2.9\fonts\pk\ljfour\jknappen\ec\dpi600\ecti1728.pk>
Output written on main.pdf (2 pages, 81540 bytes).
PDF statistics:
 295 PDF objects out of 1000 (max. 8388607)
 6 named destinations out of 1000 (max. 500000)
 37 words of extra memory for PDF output out of 10000 (max. 10000000)

